2013/06/04 21:40:45 [error] [exception.CDbException] exception 'CDbException' with message 'CDbConnection failed to open the DB connection: could not find driver' in E:\PHPProject\yii\framework\db\CDbConnection.php:381
Stack trace:
#0 E:\PHPProject\yii\framework\db\CDbConnection.php(330): CDbConnection->open()
#1 E:\PHPProject\yii\framework\db\CDbConnection.php(308): CDbConnection->setActive(true)
#2 E:\PHPProject\yii\framework\base\CModule.php(387): CDbConnection->init()
#3 E:\PHPProject\yii\framework\cli\commands\MigrateCommand.php(442): CModule->getComponent('db')
#4 E:\PHPProject\yii\framework\cli\commands\MigrateCommand.php(451): MigrateCommand->getDbConnection()
#5 E:\PHPProject\yii\framework\cli\commands\MigrateCommand.php(482): MigrateCommand->getMigrationHistory(-1)
#6 E:\PHPProject\yii\framework\cli\commands\MigrateCommand.php(84): MigrateCommand->getNewMigrations()
#7 [internal function]: MigrateCommand->actionUp(Array)
#8 E:\PHPProject\yii\framework\console\CConsoleCommand.php(172): ReflectionMethod->invokeArgs(Object(MigrateCommand), Array)
#9 E:\PHPProject\yii\framework\console\CConsoleCommandRunner.php(67): CConsoleCommand->run(Array)
#10 E:\PHPProject\yii\framework\console\CConsoleApplication.php(91): CConsoleCommandRunner->run(Array)
#11 E:\PHPProject\yii\framework\base\CApplication.php(169): CConsoleApplication->processRequest()
#12 E:\PHPProject\yii\framework\yiic.php(33): CApplication->run()
#13 E:\PHPProject\trackStar\protected\yiic.php(7): require_once('E:\PHPProject\y...')
#14 {main}
---
2013/06/04 21:50:05 [error] [system.db.CDbCommand] CDbCommand::fetchAll() failed: SQLSTATE[42S02]: Base table or view not found: 1146 Table 'test_trackstar.tbl_migration' doesn't exist. The SQL statement executed was: SHOW FULL COLUMNS FROM `tbl_migration`.
2013/06/04 21:51:15 [error] [system.db.CDbCommand] CDbCommand::fetchAll() failed: SQLSTATE[42S02]: Base table or view not found: 1146 Table 'test_trackstar.tbl_project' doesn't exist. The SQL statement executed was: SHOW FULL COLUMNS FROM `tbl_project`.
in E:\PHPProject\trackStar\protected\controllers\ProjectController.php (125)
in E:\PHPProject\trackStar\index.php (13)
2013/06/04 21:51:15 [error] [exception.CDbException] exception 'CDbException' with message 'The table "tbl_project" for active record class "Project" cannot be found in the database.' in E:\PHPProject\yii\framework\db\ar\CActiveRecord.php:2310
Stack trace:
#0 E:\PHPProject\yii\framework\db\ar\CActiveRecord.php(387): CActiveRecordMetaData->__construct(Object(Project))
#1 E:\PHPProject\yii\framework\web\CActiveDataProvider.php(74): CActiveRecord::model('Project')
#2 E:\PHPProject\trackStar\protected\controllers\ProjectController.php(125): CActiveDataProvider->__construct('Project')
#3 E:\PHPProject\yii\framework\web\actions\CInlineAction.php(49): ProjectController->actionIndex()
#4 E:\PHPProject\yii\framework\web\CController.php(308): CInlineAction->runWithParams(Array)
#5 E:\PHPProject\yii\framework\web\filters\CFilterChain.php(133): CController->runAction(Object(CInlineAction))
#6 E:\PHPProject\yii\framework\web\filters\CFilter.php(40): CFilterChain->run()
#7 E:\PHPProject\yii\framework\web\CController.php(1145): CFilter->filter(Object(CFilterChain))
#8 E:\PHPProject\yii\framework\web\filters\CInlineFilter.php(58): CController->filterAccessControl(Object(CFilterChain))
#9 E:\PHPProject\yii\framework\web\filters\CFilterChain.php(130): CInlineFilter->filter(Object(CFilterChain))
#10 E:\PHPProject\yii\framework\web\CController.php(291): CFilterChain->run()
#11 E:\PHPProject\yii\framework\web\CController.php(265): CController->runActionWithFilters(Object(CInlineAction), Array)
#12 E:\PHPProject\yii\framework\web\CWebApplication.php(282): CController->run('')
#13 E:\PHPProject\yii\framework\web\CWebApplication.php(141): CWebApplication->runController('project')
#14 E:\PHPProject\yii\framework\base\CApplication.php(169): CWebApplication->processRequest()
#15 E:\PHPProject\trackStar\index.php(13): CApplication->run()
#16 {main}
REQUEST_URI=/index.php?r=project
---
2013/06/04 21:58:28 [error] [system.db.CDbCommand] CDbCommand::fetchAll() failed: SQLSTATE[42S02]: Base table or view not found: 1146 Table 'test_trackstar.tbl_migration' doesn't exist. The SQL statement executed was: SHOW FULL COLUMNS FROM `tbl_migration`.
2013/06/04 22:00:21 [error] [system.db.CDbCommand] CDbCommand::fetchAll() failed: SQLSTATE[42S02]: Base table or view not found: 1146 Table 'test_trackstar.tbl_migration' doesn't exist. The SQL statement executed was: SHOW FULL COLUMNS FROM `tbl_migration`.
2013/06/04 22:00:59 [error] [system.db.CDbCommand] CDbCommand::fetchAll() failed: SQLSTATE[42S02]: Base table or view not found: 1146 Table 'test_trackstar.tbl_migration' doesn't exist. The SQL statement executed was: SHOW FULL COLUMNS FROM `tbl_migration`.
